2024-10-06 21:35:18,848 [1] ERROR BankingProject.Logger - Account Not Found , Please input valid account number
2024-10-06 21:36:04,826 [1] INFO  BankingProject.Logger - An account with acoount number 123 has been created successfully
2024-10-06 21:37:16,616 [1] ERROR BankingProject.Logger - Account Not Found , Please input valid account number
2024-10-06 21:47:26,926 [1] INFO  BankingProject.Logger - An account with acoount number 1 has been created successfully
2024-10-06 22:30:31,758 [1] INFO  BankingProject.Logger - An account with acoount number 13 has been created successfully
2024-10-06 22:31:00,545 [1] INFO  BankingProject.Logger - Deposited 5777 rupees Successfully to account 13
2024-10-06 22:31:20,333 [1] INFO  BankingProject.Logger - Withdrawed 500 rupees Successfully from account 13
2024-10-06 23:53:18,539 [1] INFO  BankingProject.Logger - Deposited 100 rupees Successfully to account 99999
2024-10-07 09:32:31,254 [1] INFO  BankingProject.Logger - Account 99999 is updated successfully
2024-10-07 09:32:52,336 [1] INFO  BankingProject.Logger - Account 3132324 is updated successfully
2024-10-07 14:39:24,738 [1] INFO  BankingProject.Logger - An account with acoount number 125 has been created successfully
2024-10-07 23:51:02,887 [1] INFO  BankingProject.Logger - An account with acoount number 12345678 has been created successfully
2024-10-08 00:47:45,582 [1] INFO  BankingProject.Logger - An account with acoount number 178 has been created successfully
2024-10-08 06:35:45,645 [1] INFO  BankingProject.Logger - An account with acoount number 156 has been created successfully
2024-10-08 06:50:44,892 [1] INFO  BankingProject.Logger - An account with acoount number 126 has been created successfully
2024-10-08 07:05:32,831 [1] INFO  BankingProject.Logger - An account with acoount number 123 has been created successfully
2024-10-08 07:54:18,113 [1] INFO  BankingProject.Logger - An account with acoount number 156 has been created successfully
2024-10-08 07:56:58,885 [1] INFO  BankingProject.Logger - An account with acoount number 135 has been created successfully
2024-10-08 08:01:37,367 [1] INFO  BankingProject.Logger - An account with acoount number 1123 has been created successfully
2024-10-08 08:04:22,878 [1] INFO  BankingProject.Logger - An account with acoount number 7989 has been created successfully
2024-10-08 08:05:39,879 [1] INFO  BankingProject.Logger - An account with acoount number 680 has been created successfully
2024-10-08 09:05:01,144 [1] INFO  BankingProject.Logger - An account with acoount number 123 has been created successfully
2024-10-08 09:06:14,773 [1] INFO  BankingProject.Logger - An account with acoount number 156 has been created successfully
2024-10-08 09:34:57,392 [1] INFO  BankingProject.Logger - An account with acoount number 125 has been created successfully
2024-10-08 09:35:48,621 [1] INFO  BankingProject.Logger - An account with acoount number 87 has been created successfully
2024-10-08 11:11:48,507 [1] INFO  BankingProject.Logger - An account with acoount number 145 has been created successfully
2024-10-08 11:13:26,212 [1] INFO  BankingProject.Logger - An account with acoount number 139 has been created successfully
2024-10-08 18:49:53,060 [1] INFO  BankingProject.Logger - An account with acoount number 125 has been created successfully
2024-10-08 18:50:32,608 [1] INFO  BankingProject.Logger - An account with acoount number 0 has been created successfully
2024-10-08 19:35:32,211 [1] INFO  BankingProject.Logger - An account with acoount number 2456 has been created successfully
2024-10-08 19:43:35,610 [1] INFO  BankingProject.Logger - An account with acoount number 7878 has been created successfully
2024-10-08 19:44:08,416 [1] INFO  BankingProject.Logger - An account with acoount number 0 has been created successfully
2024-10-08 20:03:35,546 [1] INFO  BankingProject.Logger - An account with acoount number 10909 has been created successfully
2024-10-08 20:15:18,170 [1] INFO  BankingProject.Logger - An account with acoount number 1245 has been created successfully
2024-10-09 09:26:23,884 [1] INFO  BankingProject.Logger - An account with acoount number 567 has been created successfully
2024-10-09 09:30:01,606 [1] INFO  BankingProject.Logger - An account with acoount number 78 has been created successfully
2024-10-09 09:48:23,844 [1] INFO  BankingProject.Logger - An account with acoount number 120 has been created successfully
